[    0.000000] Initializing cgroup subsys cpuset
[    0.000000] Initializing cgroup subsys cpu
[    0.000000] Initializing cgroup subsys cpuacct
[    0.000000] Linux version 4.4.0-104-generic (buildd@lgw01-amd64-022) (gcc version 5.4.0 20160609 (Ubuntu 5.4.0-6ubuntu1~16.04.5) ) #127-Ubuntu SMP Mon Dec 11 12:16:42 UTC 2017 (Ubuntu 4.4.0-104.127-generic 4.4.98)
[    0.000000] Command line: BOOT_IMAGE=/boot/vmlinuz-4.4.0-104-generic root=UUID=743b1402-d445-494c-af0b-749040bb33e4 ro console=tty1 console=ttyS0
[    0.000000] KERNEL supported cpus:
[    0.000000]   Intel GenuineIntel
[    0.000000]   AMD AuthenticAMD
[    0.000000]   Centaur CentaurHauls
[    0.000000] x86/fpu: xstate_offset[2]:  576, xstate_sizes[2]:  256
[    0.000000] x86/fpu: Supporting XSAVE feature 0x01: 'x87 floating point registers'
[    0.000000] x86/fpu: Supporting XSAVE feature 0x02: 'SSE registers'
[    0.000000] x86/fpu: Supporting XSAVE feature 0x04: 'AVX registers'
[    0.000000] x86/fpu: Enabled xstate features 0x7, context size is 832 bytes, using 'standard' format.
[    0.000000] x86/fpu: Using 'lazy' FPU context switches.
[    0.000000] e820: BIOS-provided physical RAM map:
[    0.000000] BIOS-e820: [mem 0x0000000000000000-0x000000000009fbff] usable
[    0.000000] BIOS-e820: [mem 0x000000000009fc00-0x000000000009ffff] reserved
[    0.000000] BIOS-e820: [mem 0x00000000000f0000-0x00000000000fffff] reserved
[    0.000000] BIOS-e820: [mem 0x0000000000100000-0x000000003ffeffff] usable
[    0.000000] BIOS-e820: [mem 0x000000003fff0000-0x000000003fffffff] ACPI data
[    0.000000] BIOS-e820: [mem 0x00000000fec00000-0x00000000fec00fff] reserved
[    0.000000] BIOS-e820: [mem 0x00000000fee00000-0x00000000fee00fff] reserved
[    0.000000] BIOS-e820: [mem 0x00000000fffc0000-0x00000000ffffffff] reserved
[    0.000000] NX (Execute Disable) protection: active
[    0.000000] SMBIOS 2.5 present.
[    0.000000] Hypervisor detected: KVM
[    0.000000] e820: last_pfn = 0x3fff0 max_arch_pfn = 0x400000000
[    0.000000] MTRR: Disabled
[    0.000000] x86/PAT: MTRRs disabled, skipping PAT initialization too.
[    0.000000] CPU MTRRs all blank - virtualized system.
[    0.000000] x86/PAT: Configuration [0-7]: WB  WT  UC- UC  WB  WT  UC- UC  
[    0.000000] found SMP MP-table at [mem 0x0009fff0-0x0009ffff] mapped at [ffff88000009fff0]
[    0.000000] Scanning 1 areas for low memory corruption
[    0.000000] RAMDISK: [mem 0x36232000-0x37110fff]
[    0.000000] ACPI: Early table checksum verification disabled
[    0.000000] ACPI: RSDP 0x00000000000E0000 000024 (v02 VBOX  )
[    0.000000] ACPI: XSDT 0x000000003FFF0030 00003C (v01 VBOX   VBOXXSDT 00000001 ASL  00000061)
[    0.000000] ACPI: FACP 0x000000003FFF00F0 0000F4 (v04 VBOX   VBOXFACP 00000001 ASL  00000061)
[    0.000000] ACPI: DSDT 0x000000003FFF0470 0021FF (v02 VBOX   VBOXBIOS 00000002 INTL 20100528)
[    0.000000] ACPI: FACS 0x000000003FFF0200 000040
[    0.000000] ACPI: FACS 0x000000003FFF0200 000040
[    0.000000] ACPI: APIC 0x000000003FFF0240 00005C (v02 VBOX   VBOXAPIC 00000001 ASL  00000061)
[    0.000000] ACPI: SSDT 0x000000003FFF02A0 0001CC (v01 VBOX   VBOXCPUT 00000002 INTL 20100528)
[    0.000000] No NUMA configuration found
[    0.000000] Faking a node at [mem 0x0000000000000000-0x000000003ffeffff]
[    0.000000] NODE_DATA(0) allocated [mem 0x3ffeb000-0x3ffeffff]
[    0.000000] kvm-clock: Using msrs 4b564d01 and 4b564d00
[    0.000000] kvm-clock: cpu 0, msr 0:3ffe3001, primary cpu clock
[    0.000000] kvm-clock: using sched offset of 3401715158 cycles
[    0.000000] clocksource: kvm-clock: mask: 0xffffffffffffffff max_cycles: 0x1cd42e4dffb, max_idle_ns: 881590591483 ns
[    0.000000] Zone ranges:
[    0.000000]   DMA      [mem 0x0000000000001000-0x0000000000ffffff]
[    0.000000]   DMA32    [mem 0x0000000001000000-0x000000003ffeffff]
[    0.000000]   Normal   empty
[    0.000000]   Device   empty
[    0.000000] Movable zone start for each node
[    0.000000] Early memory node ranges
[    0.000000]   node   0: [mem 0x0000000000001000-0x000000000009efff]
[    0.000000]   node   0: [mem 0x0000000000100000-0x000000003ffeffff]
[    0.000000] Initmem setup node 0 [mem 0x0000000000001000-0x000000003ffeffff]
[    0.000000] ACPI: PM-Timer IO Port: 0x4008
[    0.000000] IOAPIC[0]: apic_id 2, version 32, address 0xfec00000, GSI 0-23
[    0.000000] ACPI: INT_SRC_OVR (bus 0 bus_irq 0 global_irq 2 dfl dfl)
[    0.000000] ACPI: INT_SRC_OVR (bus 0 bus_irq 9 global_irq 9 high level)
[    0.000000] Using ACPI (MADT) for SMP configuration information
[    0.000000] smpboot: Allowing 2 CPUs, 0 hotplug CPUs
[    0.000000] PM: Registered nosave memory: [mem 0x00000000-0x00000fff]
[    0.000000] PM: Registered nosave memory: [mem 0x0009f000-0x0009ffff]
[    0.000000] PM: Registered nosave memory: [mem 0x000a0000-0x000effff]
[    0.000000] PM: Registered nosave memory: [mem 0x000f0000-0x000fffff]
[    0.000000] e820: [mem 0x40000000-0xfebfffff] available for PCI devices
[    0.000000] Booting paravirtualized kernel on KVM
[    0.000000] clocksource: refined-jiffies: mask: 0xffffffff max_cycles: 0xffffffff, max_idle_ns: 7645519600211568 ns
[    0.000000] setup_percpu: NR_CPUS:512 nr_cpumask_bits:512 nr_cpu_ids:2 nr_node_ids:1
[    0.000000] PERCPU: Embedded 33 pages/cpu @ffff88003fc00000 s98200 r8192 d28776 u1048576
[    0.000000] PV qspinlock hash table entries: 256 (order: 0, 4096 bytes)
[    0.000000] Built 1 zonelists in Node order, mobility grouping on.  Total pages: 257913
[    0.000000] Policy zone: DMA32
[    0.000000] Kernel command line: BOOT_IMAGE=/boot/vmlinuz-4.4.0-104-generic root=UUID=743b1402-d445-494c-af0b-749040bb33e4 ro console=tty1 console=ttyS0
[    0.000000] PID hash table entries: 4096 (order: 3, 32768 bytes)
[    0.000000] Memory: 997344K/1048120K available (8485K kernel code, 1295K rwdata, 3988K rodata, 1492K init, 1316K bss, 50776K reserved, 0K cma-reserved)
[    0.000000] SLUB: HWalign=64, Order=0-3, MinObjects=0, CPUs=2, Nodes=1
[    0.000000] Hierarchical RCU implementation.
[    0.000000] 	Build-time adjustment of leaf fanout to 64.
[    0.000000] 	RCU restricting CPUs from NR_CPUS=512 to nr_cpu_ids=2.
[    0.000000] RCU: Adjusting geometry for rcu_fanout_leaf=64, nr_cpu_ids=2
[    0.000000] NR_IRQS:33024 nr_irqs:440 16
[    0.000000] Console: colour VGA+ 80x25
[    0.000000] console [tty1] enabled
[    0.000000] console [ttyS0] enabled
[    0.000000] tsc: Detected 3392.304 MHz processor
[    8.036411] Calibrating delay loop (skipped) preset value.. 6784.60 BogoMIPS (lpj=13569216)
[    8.220457] pid_max: default: 32768 minimum: 301
[    8.249149] ACPI: Core revision 20150930
[    8.278202] ACPI: 2 ACPI AML tables successfully acquired and loaded
[    8.288736] Security Framework initialized
[    8.289454] Yama: becoming mindful.
[    8.298588] AppArmor: AppArmor initialized
[    8.302396] Dentry cache hash table entries: 131072 (order: 8, 1048576 bytes)
[    8.363172] Inode-cache hash table entries: 65536 (order: 7, 524288 bytes)
[    8.561209] Mount-cache hash table entries: 2048 (order: 2, 16384 bytes)
[    8.722945] Mountpoint-cache hash table entries: 2048 (order: 2, 16384 bytes)
[    8.874697] Initializing cgroup subsys io
[    8.986918] Initializing cgroup subsys memory
[    9.076499] Initializing cgroup subsys devices
[    9.121164] Initializing cgroup subsys freezer
[    9.121948] Initializing cgroup subsys net_cls
[    9.122704] Initializing cgroup subsys perf_event
[    9.126342] Initializing cgroup subsys net_prio
[    9.164476] Initializing cgroup subsys hugetlb
[    9.292929] Initializing cgroup subsys pids
[    9.309291] CPU: Physical Processor ID: 0
[    9.334680] CPU: Processor Core ID: 0
[    9.353818] mce: CPU supports 0 MCE banks
[    9.367030] Last level iTLB entries: 4KB 512, 2MB 8, 4MB 8
[    9.495012] Last level dTLB entries: 4KB 512, 2MB 32, 4MB 32, 1GB 0
[    9.697843] Freeing SMP alternatives memory: 32K
[    9.761713] ftrace: allocating 32158 entries in 126 pages
[    9.943253] smpboot: APIC(0) Converting physical 0 to logical package 0
[   10.070783] smpboot: Max logical packages: 1
[   10.078868] x2apic enabled
[   10.147310] Switched APIC routing to physical x2apic.
[   10.271625] ..TIMER: vector=0x30 apic1=0 pin1=2 apic2=-1 pin2=-1
[   10.490330] smpboot: CPU0: Intel(R) Core(TM) i7-3770 CPU @ 3.40GHz (family: 0x6, model: 0x3a, stepping: 0x9)
[   10.656050] Performance Events: unsupported p6 CPU model 58 no PMU driver, software events only.
[   10.898349] KVM setup paravirtual spinlock
[   10.948903] x86: Booting SMP configuration:
[   11.040669] .... node  #0, CPUs:      #1
[   11.092471] kvm-clock: cpu 1, msr 0:3ffe3041, secondary cpu clock
[   11.254249] mce: CPU supports 0 MCE banks
[   11.259220] x86: Booted up 1 node, 2 CPUs
[   11.363418] smpboot: Total of 2 processors activated (13569.21 BogoMIPS)
[   11.368293] devtmpfs: initialized
[   11.380632] evm: security.selinux
[   11.415474] evm: security.SMACK64
[   11.417449] evm: security.SMACK64EXEC
[   11.419504] evm: security.SMACK64TRANSMUTE
[   11.443196] evm: security.SMACK64MMAP
[   11.505221] evm: security.ima
[   11.590247] evm: security.capability
[   11.679948] clocksource: jiffies: mask: 0xffffffff max_cycles: 0xffffffff, max_idle_ns: 7645041785100000 ns
[   11.872701] futex hash table entries: 512 (order: 3, 32768 bytes)
[   11.873784] pinctrl core: initialized pinctrl subsystem
[   11.903293] RTC time:  0:22:52, date: 01/03/18
[   11.982201] NET: Registered protocol family 16
[   12.086997] cpuidle: using governor ladder
[   12.159616] cpuidle: using governor menu
[   12.226820] PCCT header not found.
[   12.265108] ACPI: bus type PCI registered
[   12.335826] acpiphp: ACPI Hot Plug PCI Controller Driver version: 0.5
[   12.396394] PCI: Using configuration type 1 for base access
[   12.407828] ACPI: Added _OSI(Module Device)
[   12.484456] ACPI: Added _OSI(Processor Device)
[   12.553353] ACPI: Added _OSI(3.0 _SCP Extensions)
[   12.666885] ACPI: Added _OSI(Processor Aggregator Device)
[   12.795144] ACPI: Executed 1 blocks of module-level executable AML code
[   12.948041] ACPI: Interpreter enabled
[   13.040939] ACPI: (supports S0 S5)
[   13.137900] ACPI: Using IOAPIC for interrupt routing
[   13.227119] PCI: Using host bridge windows from ACPI; if necessary, use "pci=nocrs" and report a bug
[   13.464025] ACPI: PCI Root Bridge [PCI0] (domain 0000 [bus 00-ff])
[   13.509900] acpi PNP0A03:00: _OSC: OS supports [ASPM ClockPM Segments MSI]
[   13.642585] acpi PNP0A03:00: _OSC: not requesting OS control; OS requires [ExtendedConfig ASPM ClockPM MSI]
[   13.755985] acpi PNP0A03:00: fail to add MMCONFIG information, can't access extended PCI configuration space under this bridge.
[   13.836795] PCI host bridge to bus 0000:00
[   13.863058] pci_bus 0000:00: root bus resource [io  0x0000-0x0cf7 window]
[   13.906636] pci_bus 0000:00: root bus resource [io  0x0d00-0xffff window]
[   14.058604] pci_bus 0000:00: root bus resource [mem 0x000a0000-0x000bffff window]
[   14.211346] pci_bus 0000:00: root bus resource [mem 0x40000000-0xffdfffff window]
[   14.328394] pci_bus 0000:00: root bus resource [bus 00-ff]
[   14.388005] pci 0000:00:01.1: legacy IDE quirk: reg 0x10: [io  0x01f0-0x01f7]
[   14.564710] pci 0000:00:01.1: legacy IDE quirk: reg 0x14: [io  0x03f6]
[   14.612919] pci 0000:00:01.1: legacy IDE quirk: reg 0x18: [io  0x0170-0x0177]
[   14.688802] pci 0000:00:01.1: legacy IDE quirk: reg 0x1c: [io  0x0376]
[   14.810807] pci 0000:00:07.0: quirk: [io  0x4000-0x403f] claimed by PIIX4 ACPI
[   14.987444] pci 0000:00:07.0: quirk: [io  0x4100-0x410f] claimed by PIIX4 SMB
[   15.120475] ACPI: PCI Interrupt Link [LNKA] (IRQs 5 9 10 *11)
[   15.237648] ACPI: PCI Interrupt Link [LNKB] (IRQs 5 9 10 *11)
[   15.256006] ACPI: PCI Interrupt Link [LNKC] (IRQs 5 9 *10 11)
[   15.264899] ACPI: PCI Interrupt Link [LNKD] (IRQs 5 *9 10 11)
[   15.288540] ACPI: Enabled 2 GPEs in block 00 to 07
[   15.360996] vgaarb: setting as boot device: PCI:0000:00:02.0
[   15.474769] vgaarb: device added: PCI:0000:00:02.0,decodes=io+mem,owns=io+mem,locks=none
[   15.634047] vgaarb: loaded
[   15.673684] vgaarb: bridge control possible 0000:00:02.0
[   15.683238] SCSI subsystem initialized
[   15.687198] ACPI: bus type USB registered
[   15.692580] usbcore: registered new interface driver usbfs
[   15.700789] usbcore: registered new interface driver hub
[   15.701662] usbcore: registered new device driver usb
[   15.703820] PCI: Using ACPI for IRQ routing
[   15.773049] NetLabel: Initializing
[   15.800220] NetLabel:  domain hash size = 128
[   15.872773] NetLabel:  protocols = UNLABELED CIPSOv4
[   15.939535] NetLabel:  unlabeled traffic allowed by default
[   15.980452] amd_nb: Cannot enumerate AMD northbridges
[   16.116900] clocksource: Switched to clocksource kvm-clock
[   16.266819] AppArmor: AppArmor Filesystem Enabled
[   16.317242] pnp: PnP ACPI init
[   16.414964] pnp: PnP ACPI: found 3 devices
[   16.499182] clocksource: acpi_pm: mask: 0xffffff max_cycles: 0xffffff, max_idle_ns: 2085701024 ns
[   16.562844] NET: Registered protocol family 2
[   16.563767] TCP established hash table entries: 8192 (order: 4, 65536 bytes)
[   16.652807] TCP bind hash table entries: 8192 (order: 5, 131072 bytes)
[   16.653845] TCP: Hash tables configured (established 8192 bind 8192)
[   16.790485] UDP hash table entries: 512 (order: 2, 16384 bytes)
[   16.975974] UDP-Lite hash table entries: 512 (order: 2, 16384 bytes)
[   17.170534] NET: Registered protocol family 1
[   17.213767] pci 0000:00:00.0: Limiting direct PCI/PCI transfers
[   17.248955] pci 0000:00:01.0: Activating ISA DMA hang workarounds
[   17.315837] Unpacking initramfs...
[   17.589019] Freeing initrd memory: 15228K
[   17.658103] RAPL PMU detected, API unit is 2^-32 Joules, 3 fixed counters 10737418240 ms ovfl timer
[   17.659534] hw unit of domain pp0-core 2^-0 Joules
[   17.660318] hw unit of domain package 2^-0 Joules
[   17.661131] hw unit of domain pp1-gpu 2^-0 Joules
[   17.756181] platform rtc_cmos: registered platform RTC device (no PNP device found)
[   17.809621] Scanning for low memory corruption every 60 seconds
[   17.980951] audit: initializing netlink subsys (disabled)
[   18.076631] audit: type=2000 audit(1514938968.133:1): initialized
[   18.103360] Initialise system trusted keyring
[   18.108293] HugeTLB registered 2 MB page size, pre-allocated 0 pages
[   18.122822] zbud: loaded
[   18.124869] VFS: Disk quotas dquot_6.6.0
[   18.125593] VFS: Dquot-cache hash table entries: 512 (order 0, 4096 bytes)
[   18.132292] squashfs: version 4.0 (2009/01/31) Phillip Lougher
[   18.133447] fuse init (API version 7.23)
[   18.192088] Key type big_key registered
[   18.264584] Allocating IMA MOK and blacklist keyrings.
[   18.362586] Key type asymmetric registered
[   18.449536] Asymmetric key parser 'x509' registered
[   18.450403] Block layer SCSI generic (bsg) driver version 0.4 loaded (major 249)
[   18.451738] io scheduler noop registered
[   18.468623] io scheduler deadline registered (default)
[   18.469514] io scheduler cfq registered
[   18.470269] pci_hotplug: PCI Hot Plug PCI Core version: 0.5
[   18.471126] pciehp: PCI Express Hot Plug Controller Driver version: 0.4
[   18.475280] ACPI: AC Adapter [AC] (on-line)
[   18.476016] input: Power Button as /devices/LNXSYSTM:00/LNXPWRBN:00/input/input0
[   18.481488] ACPI: Power Button [PWRF]
[   18.539239] input: Sleep Button as /devices/LNXSYSTM:00/LNXSLPBN:00/input/input1
[   18.623775] ACPI: Sleep Button [SLPF]
[   18.627581] GHES: HEST is not enabled!
[   18.628362] Serial: 8250/16550 driver, 32 ports, IRQ sharing enabled
[   18.764719] 00:02: ttyS0 at I/O 0x3f8 (irq = 4, base_baud = 115200) is a 16550A
[   18.805487] tsc: Refined TSC clocksource calibration: 3393.820 MHz
[   18.823638] clocksource: tsc: mask: 0xffffffffffffffff max_cycles: 0x30eb80a8129, max_idle_ns: 440795330294 ns
[   18.856388] Linux agpgart interface v0.103
[   18.983079] loop: module loaded
[   19.064284] scsi host0: ata_piix
[   19.147810] scsi host1: ata_piix
[   19.239246] ata1: PATA max UDMA/33 cmd 0x1f0 ctl 0x3f6 bmdma 0xd000 irq 14
[   19.455801] ata2: PATA max UDMA/33 cmd 0x170 ctl 0x376 bmdma 0xd008 irq 15
[   19.474487] libphy: Fixed MDIO Bus: probed
[   19.587773] tun: Universal TUN/TAP device driver, 1.6
[   19.750787] tun: (C) 1999-2004 Max Krasnyansky <maxk@qualcomm.com>
[   19.883038] PPP generic driver version 2.4.2
[   19.967933] ehci_hcd: USB 2.0 'Enhanced' Host Controller (EHCI) Driver
[   20.004317] ehci-pci: EHCI PCI platform driver
[   20.062374] ehci-platform: EHCI generic platform driver
[   20.135111] ohci_hcd: USB 1.1 'Open' Host Controller (OHCI) Driver
[   20.259938] ohci-pci: OHCI PCI platform driver
[   20.304579] ohci-platform: OHCI generic platform driver
[   20.305427] uhci_hcd: USB Universal Host Controller Interface driver
[   20.322933] i8042: PNP: PS/2 Controller [PNP0303:PS2K,PNP0f03:PS2M] at 0x60,0x64 irq 1,12
[   20.526113] serio: i8042 KBD port at 0x60,0x64 irq 1
[   20.678910] serio: i8042 AUX port at 0x60,0x64 irq 12
[   20.679870] mousedev: PS/2 mouse device common for all mice
[   20.785423] input: AT Translated Set 2 keyboard as /devices/platform/i8042/serio0/input/input2
[   20.799280] rtc_cmos rtc_cmos: rtc core: registered rtc_cmos as rtc0
[   20.871092] rtc_cmos rtc_cmos: alarms up to one day, 114 bytes nvram
[   20.890466] i2c /dev entries driver
[   20.892705] device-mapper: uevent: version 1.0.3
[   20.927292] device-mapper: ioctl: 4.34.0-ioctl (2015-10-28) initialised: dm-devel@redhat.com
[   20.935922] ledtrig-cpu: registered to indicate activity on CPUs
[   20.937298] NET: Registered protocol family 10
[   21.023139] NET: Registered protocol family 17
[   21.048197] Key type dns_resolver registered
[   21.050835] microcode: CPU0 sig=0x306a9, pf=0x2, revision=0x19
[   21.051818] microcode: CPU1 sig=0x306a9, pf=0x2, revision=0x19
[   21.052736] microcode: Microcode Update Driver: v2.01 <tigran@aivazian.fsnet.co.uk>, Peter Oruba
[   21.129350] registered taskstats version 1
[   21.148193] Loading compiled-in X.509 certificates
[   21.149666] Loaded X.509 cert 'Build time autogenerated kernel key: 8537ad706776f532219d7336343c968b9f82f7c7'
[   21.159108] zswap: loaded using pool lzo/zbud
[   21.167649] Key type trusted registered
[   21.171980] Key type encrypted registered
[   21.172704] AppArmor: AppArmor sha1 policy hashing enabled
[   21.206987] ima: No TPM chip found, activating TPM-bypass!
[   21.209047] evm: HMAC attrs: 0x1
[   21.219889]   Magic number: 2:13:354
[   21.220555] input event0: hash matches
[   21.221378] rtc_cmos rtc_cmos: setting system clock to 2018-01-03 00:23:01 UTC (1514938981)
[   21.313421] BIOS EDD facility v0.16 2004-Jun-25, 0 devices found
[   21.412511] EDD information not available.
[   21.531182] Freeing unused kernel memory: 1492K
[   21.663982] Write protecting the kernel read-only data: 14336k
[   21.723035] Freeing unused kernel memory: 1744K
[   21.830289] Freeing unused kernel memory: 108K
Loading, please [   21.945864] random: systemd-udevd: uninitialized urandom read (16 bytes read, 4 bits of entropy available)
wait...
startin[   21.946243] random: udevadm: uninitialized urandom read (16 bytes read, 4 bits of entropy available)
g version 229
[   21.946257] random: udevadm: uninitialized urandom read (16 bytes read, 4 bits of entropy available)
[   21.951737] random: udevadm: uninitialized urandom read (16 bytes read, 4 bits of entropy available)
[   21.951762] random: udevadm: uninitialized urandom read (16 bytes read, 4 bits of entropy available)
[   21.951846] random: udevadm: uninitialized urandom read (16 bytes read, 4 bits of entropy available)
[   21.951880] random: udevadm: uninitialized urandom read (16 bytes read, 4 bits of entropy available)
[   21.951914] random: udevadm: uninitialized urandom read (16 bytes read, 4 bits of entropy available)
[   21.951946] random: udevadm: uninitialized urandom read (16 bytes read, 4 bits of entropy available)
[   21.951978] random: udevadm: uninitialized urandom read (16 bytes read, 4 bits of entropy available)
[   22.650053] Fusion MPT base driver 3.04.20
[   22.670497] Copyright (c) 1999-2008 LSI Corporation
[   22.808933] e1000: Intel(R) PRO/1000 Network Driver - version 7.3.21-k8-NAPI
[   22.868165] e1000: Copyright (c) 1999-2006 Intel Corporation.
[   22.878661] AVX version of gcm_enc/dec engaged.
[   22.928662] AES CTR mode by8 optimization enabled
[   22.997502] Fusion MPT SPI Host driver 3.04.20
[   23.067946] input: ImExPS/2 Generic Explorer Mouse as /devices/platform/i8042/serio1/input/input4
[   23.357355] e1000 0000:00:03.0 eth0: (PCI:33MHz:32-bit) 02:63:8e:2c:ef:cd
[   23.523778] e1000 0000:00:03.0 eth0: Intel(R) PRO/1000 Network Connection
[   23.608768] mptbase: ioc0: Initiating bringup
[   23.742446] e1000 0000:00:03.0 enp0s3: renamed from eth0
[   23.877858] ioc0: LSI53C1030 A0: Capabilities={Initiator}
[   24.055221] scsi host2: ioc0: LSI53C1030 A0, FwRev=00000000h, Ports=1, MaxQ=256, IRQ=20
[   24.285907] scsi 2:0:0:0: Direct-Access     VBOX     HARDDISK         1.0  PQ: 0 ANSI: 5
[   24.380022] scsi target2:0:0: Beginning Domain Validation
[   24.412265] scsi target2:0:0: Domain Validation skipping write tests
[   24.415464] scsi target2:0:0: Ending Domain Validation
[   24.464206] scsi target2:0:0: asynchronous
[   24.471393] scsi 2:0:1:0: Direct-Access     VBOX     HARDDISK         1.0  PQ: 0 ANSI: 5
[   24.495876] scsi target2:0:1: Beginning Domain Validation
[   24.503910] scsi target2:0:1: Domain Validation skipping write tests
[   24.507401] scsi target2:0:1: Ending Domain Validation
[   24.508260] scsi target2:0:1: asynchronous
[   24.516738] sd 2:0:0:0: [sda] 20971520 512-byte logical blocks: (10.7 GB/10.0 GiB)
[   24.577549] sd 2:0:0:0: Attached scsi generic sg0 type 0
[   24.592438] sd 2:0:0:0: [sda] Write Protect is off
[   24.592781] sd 2:0:1:0: Attached scsi generic sg1 type 0
[   24.852573] sd 2:0:1:0: [sdb] 20480 512-byte logical blocks: (10.5 MB/10.0 MiB)
[   24.852609] sd 2:0:0:0: [sda] Incomplete mode parameter data
[   24.852610] sd 2:0:0:0: [sda] Assuming drive cache: write through
[   24.939959] sd 2:0:1:0: [sdb] Write Protect is off
[   25.045156] sd 2:0:1:0: [sdb] Incomplete mode parameter data
[   25.163033] sd 2:0:1:0: [sdb] Assuming drive cache: write through
[   25.218014]  sda: sda1
[   25.241922] sd 2:0:1:0: [sdb] Attached SCSI disk
[   25.396460] sd 2:0:0:0: [sda] Attached SCSI disk
[   25.677850] floppy0: no floppy controllers found
[   25.820569] work still pending
Begin: Loading e[   27.128135] md: linear personality registered for level -1
ssential drivers[   27.223162] md: multipath personality registered for level -4
 ... [   27.290666] md: raid0 personality registered for level 0
[   27.321207] md: raid1 personality registered for level 1
[   27.461378] raid6: sse2x1   gen()  9652 MB/s
[   27.608954] raid6: sse2x1   xor()  7688 MB/s
[   27.684941] raid6: sse2x2   gen() 12082 MB/s
[   27.880957] raid6: sse2x2   xor()  8502 MB/s
[   27.972953] raid6: sse2x4   gen() 14164 MB/s
[   28.096968] raid6: sse2x4   xor() 10389 MB/s
[   28.111099] raid6: using algorithm sse2x4 gen() 14164 MB/s
[   28.164301] raid6: .... xor() 10389 MB/s, rmw enabled
[   28.236487] raid6: using ssse3x2 recovery algorithm
[   28.241200] xor: automatically using best checksumming function:
[   28.320969]    avx       : 22711.000 MB/sec
[   28.325598] async_tx: api initialized (async)
[   28.345234] md: raid6 personality registered for level 6
[   28.355121] md: raid5 personality registered for level 5
[   28.380323] md: raid4 personality registered for level 4
[   28.395646] md: raid10 personality registered for level 10
done.
Begin: Running[   28.552943] Btrfs loaded
 /scripts/init-premount ... done.
Begin: Mounti[   28.662711] EXT4-fs (sda1): INFO: recovery required on readonly filesystem
ng root file sys[   28.664679] EXT4-fs (sda1): write access will be enabled during recovery
tem ... Begin: Running /scripts/local-top ... done.
Begin: Running /scripts/local-premount ... Scanning for Btrfs filesystems
done.
Warning: fsck not present, so skipping root file system
[   29.190773] EXT4-fs (sda1): recovery complete
[   29.315793] EXT4-fs (sda1): mounted filesystem with ordered data mode. Opts: (null)
done.
Begin: Running /scripts/local-bo[   29.739517] random: nonblocking pool is initialized
ttom ... done.
Begin: Running /scripts/init-bottom ... done.
[   30.340754] systemd[1]: systemd 229 running in system mode. (+PAM +AUDIT +SELINUX +IMA +APPARMOR +SMACK +SYSVINIT +UTMP +LIBCRYPTSETUP +GCRYPT +GNUTLS +ACL +XZ -LZ4 +SECCOMP +BLKID +ELFUTILS +KMOD -IDN)
[   30.464380] systemd[1]: Detected virtualization oracle.
[   30.475113] systemd[1]: Detected architecture x86-64.

Welcome to [1mUbuntu 16.04.3 LTS[0m!

[   30.597417] systemd[1]: Set hostname to <ubuntu-xenial>.
[   31.403047] systemd[1]: Listening on Device-mapper event daemon FIFOs.
[[0;32m  OK  [0m] Listening on Device-mapper event daemon FIFOs.
[   31.605288] systemd[1]: Listening on /dev/initctl Compatibility Named Pipe.
[[0;32m  OK  [0m] Listening on /dev/initctl Compatibility Named Pipe.
[   31.801339] systemd[1]: Started Forward Password Requests to Wall Directory Watch.
[[0;32m  OK  [0m] Started Forward Password Requests to Wall Directory Watch.
[   32.045266] systemd[1]: Reached target Encrypted Volumes.
[[0;32m  OK  [0m] Reached target Encrypted Volumes.
[   32.097321] systemd[1]: Listening on udev Kernel Socket.
[[0;32m  OK  [0m] Listening on udev Kernel Socket.
[   32.317264] systemd[1]: Reached target User and Group Name Lookups.
[[0;32m  OK  [0m] Reached target User and Group Name Lookups.
[   32.555989] systemd[1]: Created slice System Slice.
[[0;32m  OK  [0m] Created slice System Slice.
[   32.630650] systemd[1]: Created slice system-serial\x2dgetty.slice.
[[0;32m  OK  [0m] Created slice system-serial\x2dgetty.slice.
[   32.719552] systemd[1]: Reached target Swap.
[[0;32m  OK  [0m] Reached target Swap.
[   32.881546] systemd[1]: Listening on Journal Audit Socket.
[[0;32m  OK  [0m] Listening on Journal Audit Socket.
[   33.141559] systemd[1]: Listening on Journal Socket (/dev/log).
[[0;32m  OK  [0m] Listening on Journal Socket (/dev/log).
[   33.381689] systemd[1]: Set up automount Arbitrary Executable File Formats File System Automount Point.
[[0;32m  OK  [0m] Set up automount Arbitrary Executab...ats File System Automount Point.
[   33.605578] systemd[1]: Listening on LVM2 metadata daemon socket.
[[0;32m  OK  [0m] Listening on LVM2 metadata daemon socket.
[   33.705365] systemd[1]: Listening on LVM2 poll daemon socket.
[[0;32m  OK  [0m] Listening on LVM2 poll daemon socket.
[   33.785596] systemd[1]: Listening on Journal Socket.
[[0;32m  OK  [0m] Listening on Journal Socket.
[   33.921322] systemd[1]: Mounting Debug File System...
         Mounting Debug File System...
[   34.021369] systemd[1]: Starting Create list of required static device nodes for the current kernel...
         Starting Create list of required st... nodes for the current kernel...
[   34.117479] systemd[1]: Starting Set console keymap...
         Starting Set console keymap...
[   34.281404] systemd[1]: Starting Load Kernel Modules...
[   34.409771] Loading iSCSI transport class v2.0-870.
         Startin[   34.564977] iscsi: registered transport (tcp)
g Load Kernel Modules...
[   34.729493] systemd[1]: Starting Monitoring of LVM2 mirrors, snapshots etc. using dmeventd or progress polling...
         Starting Monitoring of LVM2 mirrors... [   34.880883] iscsi: registered transport (iser)
dmeventd or progress polling...
[   35.073553] systemd[1]: Starting Uncomplicated firewall...
         Starting Uncomplicated firewall...
[   35.192987] systemd[1]: Starting Nameserver information manager...
         Starting Nameserver information manager...
[   35.309050] systemd[1]: Starting Remount Root and Kernel File Systems...
         Starting Remount Root a[   35.328538] EXT4-fs (sda1): re-mounted. Opts: (null)
nd Kernel File Systems...
[   35.393140] systemd[1]: Listening on udev Control Socket.
[[0;32m  OK  [0m] Listening on udev Control Socket.
[   35.477410] systemd[1]: Started Trigger resolvconf update for networkd DNS.
[[0;32m  OK  [0m] Started Trigger resolvconf update for networkd DNS.
[   35.585514] systemd[1]: Mounting Huge Pages File System...
         Mounting Huge Pages File System...
[   35.713798] systemd[1]: Listening on Syslog Socket.
[[0;32m  OK  [0m] Listening on Syslog Socket.
[   35.821568] systemd[1]: Starting Journal Service...
         Starting Journal Service...
[   35.877436] systemd[1]: Created slice User and Session Slice.
[[0;32m  OK  [0m] Created slice User and Session Slice.
[   36.085339] systemd[1]: Reached target Slices.
[[0;32m  OK  [0m] Reached target Slices.
[   36.269193] systemd[1]: Mounting POSIX Message Queue File System...
         Mounting POSIX Message Queue File System...
[   36.414469] systemd[1]: Mounted POSIX Message Queue File System.
[[0;32m  OK  [0m] Mounted POSIX Message Queue File System.
[   36.553255] systemd[1]: Mounted Debug File System.
[[0;32m  OK  [0m] Mounted Debug File System.
[   36.605333] systemd[1]: Mounted Huge Pages File System.
[[0;32m  OK  [0m] Mounted Huge Pages File System.
[   36.729620] systemd[1]: Started Journal Service.
[[0;32m  OK  [0m] Started Journal Service.
[[0;32m  OK  [0m] Started Create list of required sta...ce nodes for the current kernel.
[[0;32m  OK  [0m] Started Set console keymap.
[[0;32m  OK  [0m] Started Load Kernel Modules.
[[0;32m  OK  [0m] Started Uncomplicated firewall.
[[0;32m  OK  [0m] Started Remount Root and Kernel File Systems.
[[0;32m  OK  [0m] Started Nameserver information manager.
[[0;32m  OK  [0m] Started LVM2 metadata daemon.
         Starting udev Coldplug all Devices...
         Starting Initial cloud-init job (pre-networking)...
         Starting Load/Save Random Seed...
         Mounting FUSE Control File System...
         Starting Apply Kernel Variables...
         Starting Create Static Device Nodes in /dev...
         Starting Flush Journal to Persistent Storage...
[[0;32m  OK  [0m] Mounted FUSE Control File System.
[[0;32m  OK  [0m] Started Load/Save Random Seed.
[[0;32m  OK  [0m] Started Monitoring of LVM2 mirrors,...ng dmeventd or progress polling.
[[0;32m  OK  [0m] Started Apply Kernel Variables.
[[0;32m  OK  [0m] Started Create Static Device Nodes in /dev.
[[0;32m  OK  [0m] Started udev Coldplug all Devices.
         Starting udev Kernel Device Manager...
[[0;32m  OK  [0m] Started Flush Journal to Persistent Storage.
[[0;32m  OK  [0m] Started udev Kernel Device Manager.
[[0;32m  OK  [0m] Started Dispatch Password Requests to Console Directory Watch.
[[0;32m  OK  [0m] Reached target Local File Systems (Pre).
[[0;32m  OK  [0m] Reached target Local File Systems.
         Starting Set console font and keymap...
         Starting Create Volatile Files and Directories...
         Starting Tell Plymouth To Write Out Runtime Data...
         Starting LSB: AppArmor initialization...
[[0;32m  OK  [0m] Started Create Volatile Files and Directories.
[[0;32m  OK  [0m] Started Tell Plymouth To Write Out Runtime Data.
[[0;32m  OK  [0m] Found device /dev/ttyS0.
[[0;32m  OK  [0m] Reached target System Time Synchronized.
         Starting Update UTMP about System Boot/Shutdown...
[[0;32m  OK  [0m] Started Update UTMP about System Boot/Shutdown.
[[0;32m  OK  [0m] Found device 82540EM Gigabit Ethern...r (PRO/1000 MT Desktop Adapter).
[[0;32m  OK  [0m] Started Set console font and keymap.
[[0;32m  OK  [0m] Created slice system-getty.slice.
[[0;32m  OK  [0m] Listening on Load/Save RF Kill Switch Status /dev/rfkill Watch.
[[0;32m  OK  [0m] Started LSB: AppArmor initialization.
[   26.000256] cloud-init[447]: Cloud-init v. 17.1 running 'init-local' at Wed, 03 Jan 2018 00:23:21 +0000. Up 25.53 seconds.
[[0;32m  OK  [0m] Started Initial cloud-init job (pre-networking).
[[0;32m  OK  [0m] Reached target Network (Pre).
         Starting Raise network interfaces...
[[0;32m  OK  [0m] Started ifup for enp0s3.
[[0;32m  OK  [0m] Started Raise network interfaces.
[[0;32m  OK  [0m] Reached target Network.
         Starting Initial cloud-init job (metadata service crawler)...
[   29.543051] cloud-init[975]: Cloud-init v. 17.1 running 'init' at Wed, 03 Jan 2018 00:23:23 +0000. Up 27.51 seconds.
[[0;32m  OK  [0m] Started Initial cloud-init job (metadata service crawler).
[[0;32m  OK  [0m] Reached target Network is Online.
[   29.634400] cloud-init[975]: ci-info: +++++++++++++++++++++++++++++++++++++Net device info++++++++++++++++++++++++++++++++++++++
[   29.768392] cloud-init[975]: ci-info: +--------+------+----------------------------+---------------+-------+-------------------+
[   29.888443] cloud-init[975]: ci-info: | Device |  Up  |          Address           |      Mask     | Scope |     Hw-Address    |
[   29.896874] cloud-init[975]: ci-info: +--------+------+----------------------------+---------------+-------+-------------------+
         Starting iSCSI initiator daemon (iscsid)...
[[0;32m  OK  [0m] Reached target System Initialization.
[   29.900618] cloud-init[975]: ci-info: | enp0s3 | True |         10.0.2.15          | 255.255.255.0 |   .   | 02:63:8e:2c:ef:cd |
[   30.020616] cloud-init[975]: ci-info: | enp0s3 | True | fe80::63:8eff:fe2c:efcd/64 |       .       |  link | 02:63:8e:2c:ef:cd |
[   30.021049] cloud-init[975]: ci-info: |   lo   | True |         127.0.0.1          |   255.0.0.0   |   .   |         .         |
[[0;32m  OK  [0m] Started Daily apt download activities.
[   30.021219] cloud-init[975]: ci-info: |   lo   | True |          ::1/128           |       .       |  host |         .         |
[   30.261218] cloud-init[975]: ci-info: +--------+------+----------------------------+---------------+-------+-------------------+
[   30.261436] cloud-init[975]: ci-info: +++++++++++++++++++++++++++Route IPv4 info++++++++++++++++++++++++++++
         Starting LXD - unix socket.
[   30.262247] cloud-init[975]: ci-info: +-------+-------------+----------+---------------+-----------+-------+
[   30.428682] cloud-init[975]: ci-info: | Route | Destination | Gateway  |    Genmask    | Interface | Flags |
[[0;32m  OK  [0m] Listening on D-Bus System Message Bus Socket.
[   30.428817] cloud-init[975]: ci-info: +-------+-------------+----------+---------------+-----------+-------+
[   30.578778] cloud-init[975]: ci-info: |   0   |   0.0.0.0   | 10.0.2.2 |    0.0.0.0    |   enp0s3  |   UG  |
[[0;32m  OK  [0m] Listening on ACPID Listen Socket.
[   30.578895] cloud-init[975]: ci-info: |   1   |   10.0.2.0  | 0.0.0.0  | 255.255.255.0 |   enp0s3  |   U   |
[   30.694367] cloud-init[975]: ci-info: +-------+-------------+----------+---------------+-----------+-------+
[[0;32m  OK  [0m] Started ACPI Events Check.
[[0;32m  OK  [0m] Reached target Paths.
[[0;32m  OK  [0m] Listening on UUID daemon activation socket.
[[0;32m  OK  [0m] Started Daily apt upgrade and clean activities.
[[0;32m  OK  [0m] Started Daily Cleanup of Temporary Directories.
         Starting Socket activation for snappy daemon.
[[0;32m  OK  [0m] Started Timer to automatically refresh installed snaps.
[[0;32m  OK  [0m] Reached target Timers.
[[0;32m  OK  [0m] Reached target Cloud-config availability.
[[0;32m  OK  [0m] Listening on LXD - unix socket.
[[0;32m  OK  [0m] Listening on Socket activation for snappy daemon.
[[0;32m  OK  [0m] Started iSCSI initiator daemon (iscsid).
         Starting Login to default iSCSI targets...
[[0;32m  OK  [0m] Reached target Sockets.
[[0;32m  OK  [0m] Reached target Basic System.
         Starting Accounts Service...
         Starting Apply the settings specified in cloud-config...
[[0;32m  OK  [0m] Started D-Bus System Message Bus.
[   34.089458] cloud-init[1039]: Cloud-init v. 17.1 running 'modules:config' at Wed, 03 Jan 2018 00:23:27 +0000. Up 31.59 seconds.
         Starting LSB: Record successful boot for GRUB...
         Starting LXD - container startup/shutdown...
[[0;32m  OK  [0m] Started FUSE filesystem for LXC.
         Starting Snappy daemon...
[[0;32m  OK  [0m] Started Unattended Upgrades Shutdown.
         Starting Login Service...
         Starting OpenBSD Secure Shell server...
         Starting LSB: MD monitoring daemon...
         Starting /etc/rc.local Compatibility...
         Starting System Logging Service...
[[0;32m  OK  [0m] Started Regular background program processing daemon.
[[0;32m  OK  [0m] Started Deferred execution scheduler.
[[0;32m  OK  [0m] Started ACPI event daemon.
[[0;32m  OK  [0m] Started Apply the settings specified in cloud-config.
[[0;32m  OK  [0m] Started /etc/rc.local Compatibility.
         Starting Authenticate and Authorize Users to Run Privileged Tasks...
[[0;32m  OK  [0m] Started System Logging Service.
[[0;32m  OK  [0m] Started Login Service.
[[0;32m  OK  [0m] Started LSB: Record successful boot for GRUB.
[[0;32m  OK  [0m] Started Login to default iSCSI targets.
[[0;32m  OK  [0m] Started LSB: MD monitoring daemon.
[[0;32m  OK  [0m] Reached target Remote File Systems (Pre).
[[0;32m  OK  [0m] Reached target Remote File Systems.
         Starting LSB: daemon to balance interrupts for SMP systems...
         Starting Permit User Sessions...
         Starting LSB: VirtualBox Linux Additions...
         Starting LSB: automatic crash report generation...
         Starting LSB: Set the CPU Frequency Scaling governor to "ondemand"...
[[0;32m  OK  [0m] Started OpenBSD Secure Shell server.
[[0;32m  OK  [0m] Started Permit User Sessions.
[[0;32m  OK  [0m] Started Authenticate and Authorize Users to Run Privileged Tasks.
[[0;32m  OK  [0m] Started Accounts Service.
         Starting Hold until boot process finishes up...
         Starting Terminate Plymouth Boot Screen...
[[0;32m  OK  [0m] Started LSB: daemon to balance interrupts for SMP systems.
[[0;32m  OK  [0m] Started LSB: automatic crash report generation.
[[0;32m  OK  [0m] Started LSB: Set the CPU Frequency Scaling governor to "ondemand".
[[0;32m  OK  [0m] Started Hold until boot process finishes up.
[[0;32m  OK  [0m] Started LSB: VirtualBox Linux Additions.
[[0;32m  OK  [0m] Started Terminate Plymouth Boot Screen.
[[0;32m  OK  [0m] Started Getty on tty1.
         Starting Set console scheme...
[[0;32m  OK  [0m] Started Serial Getty on ttyS0.
[[0;32m  OK  [0m] Reached target Login Prompts.
[[0;32m  OK  [0m] Started Set console scheme.
[[0;32m  OK  [0m] Started Snappy daemon.
[[0;32m  OK  [0m] Started LXD - container startup/shutdown.
[[0;32m  OK  [0m] Reached target Multi-User System.
[[0;32m  OK  [0m] Reached target Graphical Interface.
         Starting Execute cloud user/final scripts...
         Starting Update UTMP about System Runlevel Changes...
[[0;32m  OK  [0m] Started Update UTMP about System Runlevel Changes.
[   38.690367] cloud-init[1198]: Cloud-init v. 17.1 running 'modules:final' at Wed, 03 Jan 2018 00:23:34 +0000. Up 38.51 seconds.
[[0;32m  OK  [0m] Started Execute cloud user/final scripts.
[   38.807237] cloud-init[[0;32m  OK  [0m] Reached target Cloud-init target.
[1198]: Cloud-init v. 17.1 finished at Wed, 03 Jan 2018 00:23:34 +0000. Datasource DataSourceNoCloud [seed=/dev/sdb][dsmode=net].  Up 38.68 seconds

Ubuntu 16.04.3 LTS ubuntu-xenial ttyS0

ubuntu-xenial login: 