[    0.000000] Initializing cgroup subsys cpuset
[    0.000000] Initializing cgroup subsys cpu
[    0.000000] Initializing cgroup subsys cpuacct
[    0.000000] Linux version 4.4.0-104-generic (buildd@lgw01-amd64-022) (gcc version 5.4.0 20160609 (Ubuntu 5.4.0-6ubuntu1~16.04.5) ) #127-Ubuntu SMP Mon Dec 11 12:16:42 UTC 2017 (Ubuntu 4.4.0-104.127-generic 4.4.98)
[    0.000000] Command line: BOOT_IMAGE=/boot/vmlinuz-4.4.0-104-generic root=UUID=743b1402-d445-494c-af0b-749040bb33e4 ro console=tty1 console=ttyS0
[    0.000000] KERNEL supported cpus:
[    0.000000]   Intel GenuineIntel
[    0.000000]   AMD AuthenticAMD
[    0.000000]   Centaur CentaurHauls
[    0.000000] x86/fpu: xstate_offset[2]:  576, xstate_sizes[2]:  256
[    0.000000] x86/fpu: Supporting XSAVE feature 0x01: 'x87 floating point registers'
[    0.000000] x86/fpu: Supporting XSAVE feature 0x02: 'SSE registers'
[    0.000000] x86/fpu: Supporting XSAVE feature 0x04: 'AVX registers'
[    0.000000] x86/fpu: Enabled xstate features 0x7, context size is 832 bytes, using 'standard' format.
[    0.000000] x86/fpu: Using 'lazy' FPU context switches.
[    0.000000] e820: BIOS-provided physical RAM map:
[    0.000000] BIOS-e820: [mem 0x0000000000000000-0x000000000009fbff] usable
[    0.000000] BIOS-e820: [mem 0x000000000009fc00-0x000000000009ffff] reserved
[    0.000000] BIOS-e820: [mem 0x00000000000f0000-0x00000000000fffff] reserved
[    0.000000] BIOS-e820: [mem 0x0000000000100000-0x000000003ffeffff] usable
[    0.000000] BIOS-e820: [mem 0x000000003fff0000-0x000000003fffffff] ACPI data
[    0.000000] BIOS-e820: [mem 0x00000000fec00000-0x00000000fec00fff] reserved
[    0.000000] BIOS-e820: [mem 0x00000000fee00000-0x00000000fee00fff] reserved
[    0.000000] BIOS-e820: [mem 0x00000000fffc0000-0x00000000ffffffff] reserved
[    0.000000] NX (Execute Disable) protection: active
[    0.000000] SMBIOS 2.5 present.
[    0.000000] Hypervisor detected: KVM
[    0.000000] e820: last_pfn = 0x3fff0 max_arch_pfn = 0x400000000
[    0.000000] MTRR: Disabled
[    0.000000] x86/PAT: MTRRs disabled, skipping PAT initialization too.
[    0.000000] CPU MTRRs all blank - virtualized system.
[    0.000000] x86/PAT: Configuration [0-7]: WB  WT  UC- UC  WB  WT  UC- UC  
[    0.000000] found SMP MP-table at [mem 0x0009fff0-0x0009ffff] mapped at [ffff88000009fff0]
[    0.000000] Scanning 1 areas for low memory corruption
[    0.000000] RAMDISK: [mem 0x36232000-0x37110fff]
[    0.000000] ACPI: Early table checksum verification disabled
[    0.000000] ACPI: RSDP 0x00000000000E0000 000024 (v02 VBOX  )
[    0.000000] ACPI: XSDT 0x000000003FFF0030 00003C (v01 VBOX   VBOXXSDT 00000001 ASL  00000061)
[    0.000000] ACPI: FACP 0x000000003FFF00F0 0000F4 (v04 VBOX   VBOXFACP 00000001 ASL  00000061)
[    0.000000] ACPI: DSDT 0x000000003FFF0470 0021FF (v02 VBOX   VBOXBIOS 00000002 INTL 20100528)
[    0.000000] ACPI: FACS 0x000000003FFF0200 000040
[    0.000000] ACPI: FACS 0x000000003FFF0200 000040
[    0.000000] ACPI: APIC 0x000000003FFF0240 00005C (v02 VBOX   VBOXAPIC 00000001 ASL  00000061)
[    0.000000] ACPI: SSDT 0x000000003FFF02A0 0001CC (v01 VBOX   VBOXCPUT 00000002 INTL 20100528)
[    0.000000] No NUMA configuration found
[    0.000000] Faking a node at [mem 0x0000000000000000-0x000000003ffeffff]
[    0.000000] NODE_DATA(0) allocated [mem 0x3ffeb000-0x3ffeffff]
[    0.000000] kvm-clock: Using msrs 4b564d01 and 4b564d00
[    0.000000] kvm-clock: cpu 0, msr 0:3ffe3001, primary cpu clock
[    0.000000] kvm-clock: using sched offset of 3263652662 cycles
[    0.000000] clocksource: kvm-clock: mask: 0xffffffffffffffff max_cycles: 0x1cd42e4dffb, max_idle_ns: 881590591483 ns
[    0.000000] Zone ranges:
[    0.000000]   DMA      [mem 0x0000000000001000-0x0000000000ffffff]
[    0.000000]   DMA32    [mem 0x0000000001000000-0x000000003ffeffff]
[    0.000000]   Normal   empty
[    0.000000]   Device   empty
[    0.000000] Movable zone start for each node
[    0.000000] Early memory node ranges
[    0.000000]   node   0: [mem 0x0000000000001000-0x000000000009efff]
[    0.000000]   node   0: [mem 0x0000000000100000-0x000000003ffeffff]
[    0.000000] Initmem setup node 0 [mem 0x0000000000001000-0x000000003ffeffff]
[    0.000000] ACPI: PM-Timer IO Port: 0x4008
[    0.000000] IOAPIC[0]: apic_id 2, version 32, address 0xfec00000, GSI 0-23
[    0.000000] ACPI: INT_SRC_OVR (bus 0 bus_irq 0 global_irq 2 dfl dfl)
[    0.000000] ACPI: INT_SRC_OVR (bus 0 bus_irq 9 global_irq 9 high level)
[    0.000000] Using ACPI (MADT) for SMP configuration information
[    0.000000] smpboot: Allowing 2 CPUs, 0 hotplug CPUs
[    0.000000] PM: Registered nosave memory: [mem 0x00000000-0x00000fff]
[    0.000000] PM: Registered nosave memory: [mem 0x0009f000-0x0009ffff]
[    0.000000] PM: Registered nosave memory: [mem 0x000a0000-0x000effff]
[    0.000000] PM: Registered nosave memory: [mem 0x000f0000-0x000fffff]
[    0.000000] e820: [mem 0x40000000-0xfebfffff] available for PCI devices
[    0.000000] Booting paravirtualized kernel on KVM
[    0.000000] clocksource: refined-jiffies: mask: 0xffffffff max_cycles: 0xffffffff, max_idle_ns: 7645519600211568 ns
[    0.000000] setup_percpu: NR_CPUS:512 nr_cpumask_bits:512 nr_cpu_ids:2 nr_node_ids:1
[    0.000000] PERCPU: Embedded 33 pages/cpu @ffff88003fc00000 s98200 r8192 d28776 u1048576
[    0.000000] PV qspinlock hash table entries: 256 (order: 0, 4096 bytes)
[    0.000000] Built 1 zonelists in Node order, mobility grouping on.  Total pages: 257913
[    0.000000] Policy zone: DMA32
[    0.000000] Kernel command line: BOOT_IMAGE=/boot/vmlinuz-4.4.0-104-generic root=UUID=743b1402-d445-494c-af0b-749040bb33e4 ro console=tty1 console=ttyS0
[    0.000000] PID hash table entries: 4096 (order: 3, 32768 bytes)
[    0.000000] Memory: 997344K/1048120K available (8485K kernel code, 1295K rwdata, 3988K rodata, 1492K init, 1316K bss, 50776K reserved, 0K cma-reserved)
[    0.000000] SLUB: HWalign=64, Order=0-3, MinObjects=0, CPUs=2, Nodes=1
[    0.000000] Hierarchical RCU implementation.
[    0.000000] 	Build-time adjustment of leaf fanout to 64.
[    0.000000] 	RCU restricting CPUs from NR_CPUS=512 to nr_cpu_ids=2.
[    0.000000] RCU: Adjusting geometry for rcu_fanout_leaf=64, nr_cpu_ids=2
[    0.000000] NR_IRQS:33024 nr_irqs:440 16
[    0.000000] Console: colour VGA+ 80x25
[    0.000000] console [tty1] enabled
[    0.000000] console [ttyS0] enabled
[    0.000000] tsc: Detected 3392.306 MHz processor
[    6.652501] Calibrating delay loop (skipped) preset value.. 6784.61 BogoMIPS (lpj=13569224)
[    6.754857] pid_max: default: 32768 minimum: 301
[    6.828683] ACPI: Core revision 20150930
[    6.860936] ACPI: 2 ACPI AML tables successfully acquired and loaded
[    6.895720] Security Framework initialized
[    6.896775] Yama: becoming mindful.
[    6.911459] AppArmor: AppArmor initialized
[    6.984572] Dentry cache hash table entries: 131072 (order: 8, 1048576 bytes)
[    7.021230] Inode-cache hash table entries: 65536 (order: 7, 524288 bytes)
[    7.065755] Mount-cache hash table entries: 2048 (order: 2, 16384 bytes)
[    7.180536] Mountpoint-cache hash table entries: 2048 (order: 2, 16384 bytes)
[    7.189001] Initializing cgroup subsys io
[    7.259338] Initializing cgroup subsys memory
[    7.303903] Initializing cgroup subsys devices
[    7.347325] Initializing cgroup subsys freezer
[    7.376942] Initializing cgroup subsys net_cls
[    7.434624] Initializing cgroup subsys perf_event
[    7.460279] Initializing cgroup subsys net_prio
[    7.464252] Initializing cgroup subsys hugetlb
[    7.467320] Initializing cgroup subsys pids
[    7.496339] CPU: Physical Processor ID: 0
[    7.512134] CPU: Processor Core ID: 0
[    7.513375] mce: CPU supports 0 MCE banks
[    7.514413] Last level iTLB entries: 4KB 512, 2MB 8, 4MB 8
[    7.515511] Last level dTLB entries: 4KB 512, 2MB 32, 4MB 32, 1GB 0
[    7.569105] Freeing SMP alternatives memory: 32K
[    7.607277] ftrace: allocating 32158 entries in 126 pages
[    7.678319] smpboot: APIC(0) Converting physical 0 to logical package 0
[    7.776881] smpboot: Max logical packages: 1
[    7.794901] x2apic enabled
[    7.841754] Switched APIC routing to physical x2apic.
[    7.913066] ..TIMER: vector=0x30 apic1=0 pin1=2 apic2=-1 pin2=-1
[    8.035839] smpboot: CPU0: Intel(R) Core(TM) i7-3770 CPU @ 3.40GHz (family: 0x6, model: 0x3a, stepping: 0x9)
[    8.109379] Performance Events: unsupported p6 CPU model 58 no PMU driver, software events only.
[    8.184788] KVM setup paravirtual spinlock
[    8.237463] x86: Booting SMP configuration:
[    8.259890] .... node  #0, CPUs:      #1
[    8.260690] kvm-clock: cpu 1, msr 0:3ffe3041, secondary cpu clock
[    8.302641] mce: CPU supports 0 MCE banks
[    8.316489] x86: Booted up 1 node, 2 CPUs
[    8.320134] smpboot: Total of 2 processors activated (13569.22 BogoMIPS)
[    8.359042] devtmpfs: initialized
[    8.396234] evm: security.selinux
[    8.422393] evm: security.SMACK64
[    8.423136] evm: security.SMACK64EXEC
[    8.435637] evm: security.SMACK64TRANSMUTE
[    8.440062] evm: security.SMACK64MMAP
[    8.459843] evm: security.ima
[    8.460682] evm: security.capability
[    8.461861] clocksource: jiffies: mask: 0xffffffff max_cycles: 0xffffffff, max_idle_ns: 7645041785100000 ns
[    8.463524] futex hash table entries: 512 (order: 3, 32768 bytes)
[    8.475815] pinctrl core: initialized pinctrl subsystem
[    8.484231] RTC time:  0:14:04, date: 01/04/18
[    8.489961] NET: Registered protocol family 16
[    8.507826] cpuidle: using governor ladder
[    8.528340] cpuidle: using governor menu
[    8.535482] PCCT header not found.
[    8.556805] ACPI: bus type PCI registered
[    8.557929] acpiphp: ACPI Hot Plug PCI Controller Driver version: 0.5
[    8.560081] PCI: Using configuration type 1 for base access
[    8.572275] ACPI: Added _OSI(Module Device)
[    8.580825] ACPI: Added _OSI(Processor Device)
[    8.589851] ACPI: Added _OSI(3.0 _SCP Extensions)
[    8.604724] ACPI: Added _OSI(Processor Aggregator Device)
[    8.625798] ACPI: Executed 1 blocks of module-level executable AML code
[    8.647398] ACPI: Interpreter enabled
[    8.651366] ACPI: (supports S0 S5)
[    8.659634] ACPI: Using IOAPIC for interrupt routing
[    8.669139] PCI: Using host bridge windows from ACPI; if necessary, use "pci=nocrs" and report a bug
[    8.744834] ACPI: PCI Root Bridge [PCI0] (domain 0000 [bus 00-ff])
[    8.759895] acpi PNP0A03:00: _OSC: OS supports [ASPM ClockPM Segments MSI]
[    8.774564] acpi PNP0A03:00: _OSC: not requesting OS control; OS requires [ExtendedConfig ASPM ClockPM MSI]
[    8.927174] acpi PNP0A03:00: fail to add MMCONFIG information, can't access extended PCI configuration space under this bridge.
[    9.034976] PCI host bridge to bus 0000:00
[    9.065968] pci_bus 0000:00: root bus resource [io  0x0000-0x0cf7 window]
[    9.067229] pci_bus 0000:00: root bus resource [io  0x0d00-0xffff window]
[    9.126239] pci_bus 0000:00: root bus resource [mem 0x000a0000-0x000bffff window]
[    9.208974] pci_bus 0000:00: root bus resource [mem 0x40000000-0xffdfffff window]
[    9.260644] pci_bus 0000:00: root bus resource [bus 00-ff]
[    9.263556] pci 0000:00:01.1: legacy IDE quirk: reg 0x10: [io  0x01f0-0x01f7]
[    9.297097] pci 0000:00:01.1: legacy IDE quirk: reg 0x14: [io  0x03f6]
[    9.313347] pci 0000:00:01.1: legacy IDE quirk: reg 0x18: [io  0x0170-0x0177]
[    9.367945] pci 0000:00:01.1: legacy IDE quirk: reg 0x1c: [io  0x0376]
[    9.413564] pci 0000:00:07.0: quirk: [io  0x4000-0x403f] claimed by PIIX4 ACPI
[    9.505084] pci 0000:00:07.0: quirk: [io  0x4100-0x410f] claimed by PIIX4 SMB
[    9.537943] ACPI: PCI Interrupt Link [LNKA] (IRQs 5 9 10 *11)
[    9.607735] ACPI: PCI Interrupt Link [LNKB] (IRQs 5 9 10 *11)
[    9.655590] ACPI: PCI Interrupt Link [LNKC] (IRQs 5 9 *10 11)
[    9.706796] ACPI: PCI Interrupt Link [LNKD] (IRQs 5 *9 10 11)
[    9.752098] ACPI: Enabled 2 GPEs in block 00 to 07
[    9.802593] vgaarb: setting as boot device: PCI:0000:00:02.0
[    9.846019] vgaarb: device added: PCI:0000:00:02.0,decodes=io+mem,owns=io+mem,locks=none
[    9.908596] vgaarb: loaded
[    9.960478] vgaarb: bridge control possible 0000:00:02.0
[   10.025036] SCSI subsystem initialized
[   10.029731] ACPI: bus type USB registered
[   10.031647] usbcore: registered new interface driver usbfs
[   10.032525] usbcore: registered new interface driver hub
[   10.033410] usbcore: registered new device driver usb
[   10.082036] PCI: Using ACPI for IRQ routing
[   10.139296] NetLabel: Initializing
[   10.180593] NetLabel:  domain hash size = 128
[   10.181638] NetLabel:  protocols = UNLABELED CIPSOv4
[   10.184074] NetLabel:  unlabeled traffic allowed by default
[   10.232714] amd_nb: Cannot enumerate AMD northbridges
[   10.246325] clocksource: Switched to clocksource kvm-clock
[   10.257545] AppArmor: AppArmor Filesystem Enabled
[   10.330013] pnp: PnP ACPI init
[   10.376597] pnp: PnP ACPI: found 3 devices
[   10.495462] clocksource: acpi_pm: mask: 0xffffff max_cycles: 0xffffff, max_idle_ns: 2085701024 ns
[   10.551914] NET: Registered protocol family 2
[   10.655019] TCP established hash table entries: 8192 (order: 4, 65536 bytes)
[   10.842516] TCP bind hash table entries: 8192 (order: 5, 131072 bytes)
[   11.031239] TCP: Hash tables configured (established 8192 bind 8192)
[   11.221568] UDP hash table entries: 512 (order: 2, 16384 bytes)
[   11.306320] UDP-Lite hash table entries: 512 (order: 2, 16384 bytes)
[   11.307421] NET: Registered protocol family 1
[   11.414544] pci 0000:00:00.0: Limiting direct PCI/PCI transfers
[   11.574613] pci 0000:00:01.0: Activating ISA DMA hang workarounds
[   11.635245] Unpacking initramfs...
[   11.811068] Freeing initrd memory: 15228K
[   11.875622] RAPL PMU detected, API unit is 2^-32 Joules, 3 fixed counters 10737418240 ms ovfl timer
[   11.935794] hw unit of domain pp0-core 2^-0 Joules
[   12.038640] hw unit of domain package 2^-0 Joules
[   12.145605] hw unit of domain pp1-gpu 2^-0 Joules
[   12.227005] platform rtc_cmos: registered platform RTC device (no PNP device found)
[   12.388442] Scanning for low memory corruption every 60 seconds
[   12.540656] audit: initializing netlink subsys (disabled)
[   12.654730] audit: type=2000 audit(1515024844.503:1): initialized
[   12.664592] Initialise system trusted keyring
[   12.674900] HugeTLB registered 2 MB page size, pre-allocated 0 pages
[   12.714183] zbud: loaded
[   12.751467] VFS: Disk quotas dquot_6.6.0
[   12.780285] VFS: Dquot-cache hash table entries: 512 (order 0, 4096 bytes)
[   12.781571] squashfs: version 4.0 (2009/01/31) Phillip Lougher
[   12.787521] fuse init (API version 7.23)
[   12.789741] Key type big_key registered
[   12.790434] Allocating IMA MOK and blacklist keyrings.
[   12.798834] Key type asymmetric registered
[   12.799719] Asymmetric key parser 'x509' registered
[   12.811066] Block layer SCSI generic (bsg) driver version 0.4 loaded (major 249)
[   12.812429] io scheduler noop registered
[   12.815963] io scheduler deadline registered (default)
[   12.816851] io scheduler cfq registered
[   12.817620] pci_hotplug: PCI Hot Plug PCI Core version: 0.5
[   12.821863] pciehp: PCI Express Hot Plug Controller Driver version: 0.4
[   12.876131] ACPI: AC Adapter [AC] (on-line)
[   12.998445] input: Power Button as /devices/LNXSYSTM:00/LNXPWRBN:00/input/input0
[   13.036504] ACPI: Power Button [PWRF]
[   13.037241] input: Sleep Button as /devices/LNXSYSTM:00/LNXSLPBN:00/input/input1
[   13.054737] ACPI: Sleep Button [SLPF]
[   13.057168] GHES: HEST is not enabled!
[   13.059673] Serial: 8250/16550 driver, 32 ports, IRQ sharing enabled
[   13.082757] 00:02: ttyS0 at I/O 0x3f8 (irq = 4, base_baud = 115200) is a 16550A
[   13.154863] Linux agpgart interface v0.103
[   13.180192] loop: module loaded
[   13.209404] scsi host0: ata_piix
[   13.226383] tsc: Refined TSC clocksource calibration: 3394.233 MHz
[   13.230948] scsi host1: ata_piix
[   13.230990] ata1: PATA max UDMA/33 cmd 0x1f0 ctl 0x3f6 bmdma 0xd000 irq 14
[   13.230991] ata2: PATA max UDMA/33 cmd 0x170 ctl 0x376 bmdma 0xd008 irq 15
[   13.231065] libphy: Fixed MDIO Bus: probed
[   13.231067] tun: Universal TUN/TAP device driver, 1.6
[   13.231067] tun: (C) 1999-2004 Max Krasnyansky <maxk@qualcomm.com>
[   13.231134] PPP generic driver version 2.4.2
[   13.231184] ehci_hcd: USB 2.0 'Enhanced' Host Controller (EHCI) Driver
[   13.231188] ehci-pci: EHCI PCI platform driver
[   13.231195] ehci-platform: EHCI generic platform driver
[   13.231201] ohci_hcd: USB 1.1 'Open' Host Controller (OHCI) Driver
[   13.231204] ohci-pci: OHCI PCI platform driver
[   13.231211] ohci-platform: OHCI generic platform driver
[   13.231216] uhci_hcd: USB Universal Host Controller Interface driver
[   13.231262] i8042: PNP: PS/2 Controller [PNP0303:PS2K,PNP0f03:PS2M] at 0x60,0x64 irq 1,12
[   13.360510] serio: i8042 KBD port at 0x60,0x64 irq 1
[   13.360516] serio: i8042 AUX port at 0x60,0x64 irq 12
[   13.360636] mousedev: PS/2 mouse device common for all mice
[   13.360894] rtc_cmos rtc_cmos: rtc core: registered rtc_cmos as rtc0
[   13.360941] rtc_cmos rtc_cmos: alarms up to one day, 114 bytes nvram
[   13.360945] i2c /dev entries driver
[   13.360988] device-mapper: uevent: version 1.0.3
[   13.361031] device-mapper: ioctl: 4.34.0-ioctl (2015-10-28) initialised: dm-devel@redhat.com
[   13.361044] ledtrig-cpu: registered to indicate activity on CPUs
[   13.361268] NET: Registered protocol family 10
[   13.361393] NET: Registered protocol family 17
[   13.361401] Key type dns_resolver registered
[   13.425191] microcode: CPU0 sig=0x306a9, pf=0x2, revision=0x19
[   13.425276] microcode: CPU1 sig=0x306a9, pf=0x2, revision=0x19
[   13.425310] microcode: Microcode Update Driver: v2.01 <tigran@aivazian.fsnet.co.uk>, Peter Oruba
[   13.425416] registered taskstats version 1
[   13.425430] Loading compiled-in X.509 certificates
[   13.426031] Loaded X.509 cert 'Build time autogenerated kernel key: 8537ad706776f532219d7336343c968b9f82f7c7'
[   13.426047] zswap: loaded using pool lzo/zbud
[   13.427240] Key type trusted registered
[   13.429073] Key type encrypted registered
[   13.429077] AppArmor: AppArmor sha1 policy hashing enabled
[   13.429079] ima: No TPM chip found, activating TPM-bypass!
[   13.429093] evm: HMAC attrs: 0x1
[   13.429362]   Magic number: 2:432:202
[   13.473107] rtc_cmos rtc_cmos: setting system clock to 2018-01-04 00:14:09 UTC (1515024849)
[   13.473244] BIOS EDD facility v0.16 2004-Jun-25, 0 devices found
[   13.473244] EDD information not available.
[   14.035917] input: AT Translated Set 2 keyboard as /devices/platform/i8042/serio0/input/input2
[   16.077165] clocksource: tsc: mask: 0xffffffffffffffff max_cycles: 0x30ed06fea80, max_idle_ns: 440795290591 ns
[   16.139061] Freeing unused kernel memory: 1492K
[   16.147864] Write protecting the kernel read-only data: 14336k
[   16.152527] Freeing unused kernel memory: 1744K
[   16.156256] Freeing unused kernel memory: 108K
Loading, please [   16.167007] random: systemd-udevd: uninitialized urandom read (16 bytes read, 4 bits of entropy available)
wait...
startin[   16.167440] random: udevadm: uninitialized urandom read (16 bytes read, 4 bits of entropy available)
g version 229
[   16.167454] random: udevadm: uninitialized urandom read (16 bytes read, 4 bits of entropy available)
[   16.172958] random: udevadm: uninitialized urandom read (16 bytes read, 4 bits of entropy available)
[   16.172985] random: udevadm: uninitialized urandom read (16 bytes read, 4 bits of entropy available)
[   16.173072] random: udevadm: uninitialized urandom read (16 bytes read, 4 bits of entropy available)
[   16.173107] random: udevadm: uninitialized urandom read (16 bytes read, 4 bits of entropy available)
[   16.173141] random: udevadm: uninitialized urandom read (16 bytes read, 4 bits of entropy available)
[   16.173175] random: udevadm: uninitialized urandom read (16 bytes read, 4 bits of entropy available)
[   16.173208] random: udevadm: uninitialized urandom read (16 bytes read, 4 bits of entropy available)
[   16.554509] e1000: Intel(R) PRO/1000 Network Driver - version 7.3.21-k8-NAPI
[   16.618664] e1000: Copyright (c) 1999-2006 Intel Corporation.
[   16.670408] Fusion MPT base driver 3.04.20
[   16.746725] Copyright (c) 1999-2008 LSI Corporation
[   16.763674] AVX version of gcm_enc/dec engaged.
[   16.876253] AES CTR mode by8 optimization enabled
[   16.934758] Fusion MPT SPI Host driver 3.04.20
[   16.984884] input: ImExPS/2 Generic Explorer Mouse as /devices/platform/i8042/serio1/input/input4
[   17.247003] e1000 0000:00:03.0 eth0: (PCI:33MHz:32-bit) 02:63:8e:2c:ef:cd
[   17.264914] e1000 0000:00:03.0 eth0: Intel(R) PRO/1000 Network Connection
[   17.284005] e1000 0000:00:03.0 enp0s3: renamed from eth0
[   17.399721] mptbase: ioc0: Initiating bringup
[   17.514820] ioc0: LSI53C1030 A0: Capabilities={Initiator}
[   17.756164] scsi host2: ioc0: LSI53C1030 A0, FwRev=00000000h, Ports=1, MaxQ=256, IRQ=20
[   17.989937] scsi 2:0:0:0: Direct-Access     VBOX     HARDDISK         1.0  PQ: 0 ANSI: 5
[   18.007588] scsi target2:0:0: Beginning Domain Validation
[   18.018439] scsi target2:0:0: Domain Validation skipping write tests
[   18.177404] scsi target2:0:0: Ending Domain Validation
[   18.282939] scsi target2:0:0: asynchronous
[   18.357717] scsi 2:0:1:0: Direct-Access     VBOX     HARDDISK         1.0  PQ: 0 ANSI: 5
[   18.459071] scsi target2:0:1: Beginning Domain Validation
[   18.610317] scsi target2:0:1: Domain Validation skipping write tests
[   18.699483] scsi target2:0:1: Ending Domain Validation
[   18.700579] scsi target2:0:1: asynchronous
[   18.705929] sd 2:0:0:0: [sda] 20971520 512-byte logical blocks: (10.7 GB/10.0 GiB)
[   18.706106] sd 2:0:0:0: Attached scsi generic sg0 type 0
[   18.718021] sd 2:0:1:0: [sdb] 20480 512-byte logical blocks: (10.5 MB/10.0 MiB)
[   18.718162] sd 2:0:1:0: Attached scsi generic sg1 type 0
[   18.736645] sd 2:0:0:0: [sda] Write Protect is off
[   18.786949] sd 2:0:0:0: [sda] Incomplete mode parameter data
[   18.790425] sd 2:0:0:0: [sda] Assuming drive cache: write through
[   18.790649] sd 2:0:1:0: [sdb] Write Protect is off
[   18.790755] sd 2:0:1:0: [sdb] Incomplete mode parameter data
[   18.790756] sd 2:0:1:0: [sdb] Assuming drive cache: write through
[   18.860573] sd 2:0:1:0: [sdb] Attached SCSI disk
[   18.916703]  sda: sda1
[   18.917844] sd 2:0:0:0: [sda] Attached SCSI disk
[   19.754847] floppy0: no floppy controllers found
Begin: Loading e[   21.133485] md: linear personality registered for level -1
ssential drivers[   21.173965] md: multipath personality registered for level -4
 ... [   21.181134] md: raid0 personality registered for level 0
[   21.211386] md: raid1 personality registered for level 1
[   21.294386] raid6: sse2x1   gen()  9531 MB/s
[   21.458385] raid6: sse2x1   xor()  7657 MB/s
[   21.594403] raid6: sse2x2   gen() 12137 MB/s
[   21.794482] raid6: sse2x2   xor()  8510 MB/s
[   21.938452] raid6: sse2x4   gen() 14075 MB/s
[   22.086495] raid6: sse2x4   xor() 10296 MB/s
[   22.172930] raid6: using algorithm sse2x4 gen() 14075 MB/s
[   22.175853] raid6: .... xor() 10296 MB/s, rmw enabled
[   22.176704] raid6: using ssse3x2 recovery algorithm
[   22.178810] xor: automatically using best checksumming function:
[   22.274529]    avx       : 22646.000 MB/sec
[   22.332223] async_tx: api initialized (async)
[   22.340820] md: raid6 personality registered for level 6
[   22.378275] md: raid5 personality registered for level 5
[   22.438933] md: raid4 personality registered for level 4
[   22.444178] md: raid10 personality registered for level 10
done.
Begin: Running[   22.590395] Btrfs loaded
 /scripts/init-premount ... done.
Begin: Mounting root file system ... Begin: Running /scripts/local-top ... do[   22.710116] EXT4-fs (sda1): INFO: recovery required on readonly filesystem
ne.
Begin: Runn[   22.826529] EXT4-fs (sda1): write access will be enabled during recovery
ing /scripts/local-premount ... Scanning for Btrfs filesystems
done.
Warning: fsck not present, so skipping root file system
[   23.290643] EXT4-fs (sda1): recovery complete
[   23.422669] EXT4-fs (sda1): mounted filesystem with ordered data mode. Opts: (null)
done.
Begin: Running /scripts/local-bo[   23.565406] random: nonblocking pool is initialized
ttom ... done.
Begin: Running /scripts/init-bottom ... done.
[   24.256796] systemd[1]: systemd 229 running in system mode. (+PAM +AUDIT +SELINUX +IMA +APPARMOR +SMACK +SYSVINIT +UTMP +LIBCRYPTSETUP +GCRYPT +GNUTLS +ACL +XZ -LZ4 +SECCOMP +BLKID +ELFUTILS +KMOD -IDN)
[   24.373416] systemd[1]: Detected virtualization oracle.
[   24.512168] systemd[1]: Detected architecture x86-64.

Welcome to [1mUbuntu 16.04.3 LTS[0m!

[   24.745456] systemd[1]: Set hostname to <ubuntu-xenial>.
[   25.471675] systemd[1]: Reached target User and Group Name Lookups.
[[0;32m  OK  [0m] Reached target User and Group Name Lookups.
[   25.692362] systemd[1]: Listening on Journal Socket.
[[0;32m  OK  [0m] Listening on Journal Socket.
[   25.713971] systemd[1]: Listening on LVM2 poll daemon socket.
[[0;32m  OK  [0m] Listening on LVM2 poll daemon socket.
[   25.755302] systemd[1]: Listening on udev Kernel Socket.
[[0;32m  OK  [0m] Listening on udev Kernel Socket.
[   25.843346] systemd[1]: Listening on Device-mapper event daemon FIFOs.
[[0;32m  OK  [0m] Listening on Device-mapper event daemon FIFOs.
[   25.946853] systemd[1]: Listening on /dev/initctl Compatibility Named Pipe.
[[0;32m  OK  [0m] Listening on /dev/initctl Compatibility Named Pipe.
[   26.031324] systemd[1]: Reached target Encrypted Volumes.
[[0;32m  OK  [0m] Reached target Encrypted Volumes.
[   26.123025] systemd[1]: Set up automount Arbitrary Executable File Formats File System Automount Point.
[[0;32m  OK  [0m] Set up automount Arbitrary Executab...ats File System Automount Point.
[   26.259382] systemd[1]: Created slice User and Session Slice.
[[0;32m  OK  [0m] Created slice User and Session Slice.
[   26.367020] systemd[1]: Listening on Journal Audit Socket.
[[0;32m  OK  [0m] Listening on Journal Audit Socket.
[   26.427383] systemd[1]: Listening on Journal Socket (/dev/log).
[[0;32m  OK  [0m] Listening on Journal Socket (/dev/log).
[   26.494972] systemd[1]: Created slice System Slice.
[[0;32m  OK  [0m] Created slice System Slice.
[   26.551173] systemd[1]: Mounting POSIX Message Queue File System...
         Mounting POSIX Message Queue File System...
[   26.710713] systemd[1]: Reached target Slices.
[[0;32m  OK  [0m] Reached target Slices.
[   26.854740] systemd[1]: Starting Nameserver information manager...
         Starting Nameserver information manager...
[   27.018456] systemd[1]: Mounting Debug File System...
         Mounting Debug File System...
[   27.143251] systemd[1]: Starting Uncomplicated firewall...
         Starting Uncomplicated firewall...
[   27.238418] systemd[1]: Starting Load Kernel Modules...
         Starting Load Kernel Modules...
[   27.327658] Loading iSCSI transport class v2.0-870.
[   27.459929] systemd[1]: Listening on Syslog Socket.
[[0;32m  OK  [[   27.566393] iscsi: registered transport (tcp)
0m] Listening on Syslog Socket.
[   27.706493] systemd[1]: Starting Journal Service...
         Starting Journal Service...
[   27.858874] systemd[1]: Reached target Swap.
[[0;32m  OK  [0m] Reached targe[   27.938811] iscsi: registered transport (iser)
t Swap.
[   27.983169] systemd[1]: Created slice system-serial\x2dgetty.slice.
[[0;32m  OK  [0m] Created slice system-serial\x2dgetty.slice.
[   28.206877] systemd[1]: Mounting Huge Pages File System...
         Mounting Huge Pages File System...
[   28.270988] systemd[1]: Starting Create list of required static device nodes for the current kernel...
         Starting Create list of required st... nodes for the current kernel...
[   28.402941] systemd[1]: Starting Set console keymap...
         Starting Set console keymap...
[   28.443006] systemd[1]: Listening on LVM2 metadata daemon socket.
[[0;32m  OK  [0m] Listening on LVM2 metadata daemon socket.
[   28.622976] systemd[1]: Starting Monitoring of LVM2 mirrors, snapshots etc. using dmeventd or progress polling...
         Starting Monitoring of LVM2 mirrors... dmeventd or progress polling...
[   28.714118] systemd[1]: Started Trigger resolvconf update for networkd DNS.
[[0;32m  OK  [0m] Started Trigger resolvconf update for networkd DNS.
[   28.835049] systemd[1]: Starting Remount Root and Kernel File Systems...
[   28.842724] EXT4-fs (sda1): re-mounted. Opts: (null)
         Starting Remount Root and Kernel File Systems...
[   28.947148] systemd[1]: Started Forward Password Requests to Wall Directory Watch.
[[0;32m  OK  [0m] Started Forward Password Requests to Wall Directory Watch.
[   29.243152] systemd[1]: Listening on udev Control Socket.
[[0;32m  OK  [0m] Listening on udev Control Socket.
[   29.472701] systemd[1]: Mounted POSIX Message Queue File System.
[[0;32m  OK  [0m] Mounted POSIX Message Queue File System.
[   29.611300] systemd[1]: Mounted Debug File System.
[[0;32m  OK  [0m] Mounted Debug File System.
[   29.678750] systemd[1]: Mounted Huge Pages File System.
[[0;32m  OK  [0m] Mounted Huge Pages File System.
[   29.716040] systemd[1]: Started Journal Service.
[[0;32m  OK  [0m] Started Journal Service.
[[0;32m  OK  [0m] Started Uncomplicated firewall.
[[0;32m  OK  [0m] Started Load Kernel Modules.
[[0;32m  OK  [0m] Started Create list of required sta...ce nodes for the current kernel.
[[0;32m  OK  [0m] Started Set console keymap.
[[0;32m  OK  [0m] Started Remount Root and Kernel File Systems.
[[0;32m  OK  [0m] Started Nameserver information manager.
[[0;32m  OK  [0m] Started LVM2 metadata daemon.
         Starting Load/Save Random Seed...
         Starting udev Coldplug all Devices...
         Starting Initial cloud-init job (pre-networking)...
         Starting Create Static Device Nodes in /dev...
         Mounting FUSE Control File System...
         Starting Apply Kernel Variables...
         Starting Flush Journal to Persistent Storage...
[[0;32m  OK  [0m] Mounted FUSE Control File System.
[[0;32m  OK  [0m] Started Monitoring of LVM2 mirrors,...ng dmeventd or progress polling.
[[0;32m  OK  [0m] Started Load/Save Random Seed.
[[0;32m  OK  [0m] Started Create Static Device Nodes in /dev.
[[0;32m  OK  [0m] Started Apply Kernel Variables.
[[0;32m  OK  [0m] Started udev Coldplug all Devices.
         Starting udev Kernel Device Manager...
[[0;32m  OK  [0m] Started Flush Journal to Persistent Storage.
[[0;32m  OK  [0m] Started udev Kernel Device Manager.
[[0;32m  OK  [0m] Reached target Local File Systems (Pre).
[[0;32m  OK  [0m] Reached target Local File Systems.
         Starting Create Volatile Files and Directories...
         Starting Tell Plymouth To Write Out Runtime Data...
         Starting Set console font and keymap...
         Starting LSB: AppArmor initialization...
[[0;32m  OK  [0m] Started Dispatch Password Requests to Console Directory Watch.
[[0;32m  OK  [0m] Started Tell Plymouth To Write Out Runtime Data.
[[0;32m  OK  [0m] Started Create Volatile Files and Directories.
[[0;32m  OK  [0m] Found device /dev/ttyS0.
         Starting Update UTMP about System Boot/Shutdown...
[[0;32m  OK  [0m] Reached target System Time Synchronized.
[[0;32m  OK  [0m] Started Set console font and keymap.
[[0;32m  OK  [0m] Created slice system-getty.slice.
[[0;32m  OK  [0m] Started Update UTMP about System Boot/Shutdown.
[[0;32m  OK  [0m] Found device 82540EM Gigabit Ethern...r (PRO/1000 MT Desktop Adapter).
[[0;32m  OK  [0m] Listening on Load/Save RF Kill Switch Status /dev/rfkill Watch.
[[0;32m  OK  [0m] Started LSB: AppArmor initialization.
[   24.670570] cloud-init[448]: Cloud-init v. 17.1 running 'init-local' at Thu, 04 Jan 2018 00:14:29 +0000. Up 24.04 seconds.
[[0;32m  OK  [0m] Started Initial cloud-init job (pre-networking).
[[0;32m  OK  [0m] Reached target Network (Pre).
         Starting Raise network interfaces...
[[0;32m  OK  [0m] Started ifup for enp0s3.
[[0;32m  OK  [0m] Started Raise network interfaces.
[[0;32m  OK  [0m] Reached target Network.
         Starting Initial cloud-init job (metadata service crawler)...
[   26.279437] cloud-init[970]: Cloud-init v. 17.1 running 'init' at Thu, 04 Jan 2018 00:14:31 +0000. Up 25.58 seconds.
[   26.381027] cloud-init[970]: ci-info: +++++++++++++++++++++++++++++++++++++Net device info++++++++++++++++++++++++++++++++++++++
[   26.381556] cloud-init[970]: ci-info: +--------+------+----------------------------+---------------+-------+-------------------+
[[0;32m  OK  [0m] Started Initial cloud-init job (metadata service crawler).
[   26.381804] cloud-init[970]: ci-info: | Device |  Up  |          Address           |      Mask     | Scope |     Hw-Address    |
[   26.796858] cloud-init[970]: ci-info: +--------+------+----------------------------+---------------+-------+-------------------+
[   26.797422] cloud-init[970]: ci-info: | enp0s3 | True |         10.0.2.15          | 255.255.255.0 |   .   | 02:63:8e:2c:ef:cd |
[[0;32m  OK  [0m] Reached target System Initialization.
[   26.797644] cloud-init[970]: ci-info: | enp0s3 | True | fe80::63:8eff:fe2c:efcd/64 |       .       |  link | 02:63:8e:2c:ef:cd |
[   27.101635] cloud-init[970]: ci-info: |   lo   | True |         127.0.0.1          |   255.0.0.0   |   .   |         .         |
[[0;32m  OK  [0m] Started Daily Cleanup of Temporary Directories.
[   27.101859] cloud-init[970]: ci-info: |   lo   | True |          ::1/128           |       .       |  host |         .         |
[   27.457199] cloud-init[970]: ci-info: +--------+------+----------------------------+---------------+-------+-------------------+
[[0;32m  OK  [0m] Listening on D-Bus System Message Bus Socket.
[   27.457438] cloud-init[970]: ci-info: +++++++++++++++++++++++++++Route IPv4 info++++++++++++++++++++++++++++
[   27.870678] cloud-init[970]: ci-info: +-------+-------------+----------+---------------+-----------+-------+
[   27.871254] cloud-init[970]: ci-info: | Route | Destination | Gateway  |    Genmask    | Interface | Flags |
         Starting Socket activation for snappy daemon.
[   27.871565] cloud-init[970]: ci-info: +-------+-------------+----------+---------------+-----------+-------+
[[0;32m  OK  [0m[   28.269279] ] cloud-initStarted Timer to automatically refresh installed snaps.[970]: 
ci-info: |   0   |   0.0.0.0   | 10.0.2.2 |    0.0.0.0    |   enp0s3  |   UG  |
[   28.416535] cloud-init[970]: ci-info: |   1   |   10.0.2.0  | 0.0.0.0  | 255.255.255.0 |   enp0s3  |   U   |
[   28.417189] cloud-init[970]: ci-info: +-------+-------------+----------+---------------+-----------+-------+
[[0;32m  OK  [0m] Listening on ACPID Listen Socket.
[[0;32m  OK  [0m] Started ACPI Events Check.
[[0;32m  OK  [0m] Reached target Paths.
[[0;32m  OK  [0m] Listening on UUID daemon activation socket.
         Starting LXD - unix socket.
[[0;32m  OK  [0m] Reached target Network is Online.
         Starting iSCSI initiator daemon (iscsid)...
[[0;32m  OK  [0m] Started Daily apt download activities.
[[0;32m  OK  [0m] Started Daily apt upgrade and clean activities.
[[0;32m  OK  [0m] Reached target Timers.
[[0;32m  OK  [0m] Reached target Cloud-config availability.
[[0;32m  OK  [0m] Listening on Socket activation for snappy daemon.
[[0;32m  OK  [0m] Listening on LXD - unix socket.
[[0;32m  OK  [0m] Reached target Sockets.
[[0;32m  OK  [0m] Reached target Basic System.
         Starting System Logging Service...
[[0;32m  OK  [0m] Started Deferred execution scheduler.
         Starting Snappy daemon...
[[0;32m  OK  [0m] Started ACPI event daemon.
[[0;32m  OK  [0m] Started FUSE filesystem for LXC.
         Starting Login Service...
         Starting Accounts Service...
         Starting /etc/rc.local Compatibility...
         Starting Apply the settings specified in cloud-config...
[[0;32m  OK  [0m] Started Regular background program processing daemon.
         Starting LXD - container startup/shutdown...
         Starting LSB: Record successful boot for GRUB...
[[0;32m  OK  [0m] Started D-Bus System Message Bus.
[   30.287867] cloud-init[1047]: Cloud-init v. 17.1 running 'modules:config' at Thu, 04 Jan 2018 00:14:35 +0000. Up 30.09 seconds.
[[0;32m  OK  [0m] Started Unattended Upgrades Shutdown.
         Starting LSB: MD monitoring daemon...
         Starting OpenBSD Secure Shell server...
[[0;32m  OK  [0m] Started System Logging Service.
[[0;32m  OK  [0m] Started iSCSI initiator daemon (iscsid).
[[0;32m  OK  [0m] Started /etc/rc.local Compatibility.
[[0;32m  OK  [0m] Started Apply the settings specified in cloud-config.
[[0;32m  OK  [0m] Started Login Service.
         Starting Authenticate and Authorize Users to Run Privileged Tasks...
         Starting Login to default iSCSI targets...
[[0;32m  OK  [0m] Started LSB: Record successful boot for GRUB.
[[0;32m  OK  [0m] Started LSB: MD monitoring daemon.
[[0;32m  OK  [0m] Started OpenBSD Secure Shell server.
[[0;32m  OK  [0m] Started Authenticate and Authorize Users to Run Privileged Tasks.
[[0;32m  OK  [0m] Started Accounts Service.
[[0;32m  OK  [0m] Started Login to default iSCSI targets.
[[0;32m  OK  [0m] Reached target Remote File Systems (Pre).
[[0;32m  OK  [0m] Reached target Remote File Systems.
         Starting LSB: VirtualBox Linux Additions...
         Starting Permit User Sessions...
         Starting LSB: automatic crash report generation...
         Starting LSB: Set the CPU Frequency Scaling governor to "ondemand"...
         Starting LSB: daemon to balance interrupts for SMP systems...
[[0;32m  OK  [0m] Started Snappy daemon.
[[0;32m  OK  [0m] Started Permit User Sessions.
         Starting Hold until boot process finishes up...
         Starting Terminate Plymouth Boot Screen...
[[0;32m  OK  [0m] Started LSB: automatic crash report generation.
[[0;32m  OK  [0m] Started LXD - container startup/shutdown.
[[0;32m  OK  [0m] Started LSB: Set the CPU Frequency Scaling governor to "ondemand".
[[0;32m  OK  [0m] Started Hold until boot process finishes up.
[[0;32m  OK  [0m] Started Terminate Plymouth Boot Screen.
[[0;32m  OK  [0m] Started LSB: VirtualBox Linux Additions.
         Starting Set console scheme...
[[0;32m  OK  [0m] Started Getty on tty1.
[[0;32m  OK  [0m] Started Serial Getty on ttyS0.
[[0;32m  OK  [0m] Reached target Login Prompts.
[[0;32m  OK  [0m] Started LSB: daemon to balance interrupts for SMP systems.
[[0;32m  OK  [0m] Started Set console scheme.
[[0;32m  OK  [0m] Reached target Multi-User System.
         Starting Execute cloud user/final scripts...
[[0;32m  OK  [0m] Reached target Graphical Interface.
         Starting Update UTMP about System Runlevel Changes...
[[0;32m  OK  [0m] Started Update UTMP about System Runlevel Changes.
[   33.280418] cloud-init[1193]: Cloud-init v. 17.1 running 'modules:final' at Thu, 04 Jan 2018 00:14:38 +0000. Up 33.15 seconds.
[   33.413044] cloud-init[1193]: Cloud-init v. 17.1 finished at Thu, 04 Jan 2018 00:14:39 +0000. Datasource DataSourceNoCloud [seed=/dev/sdb][dsmode=net].  Up 33.27 seconds
[[0;32m  OK  [0m] Started Execute cloud user/final scripts.
[[0;32m  OK  [0m] Reached target Cloud-init target.

Ubuntu 16.04.3 LTS ubuntu-xenial ttyS0

ubuntu-xenial login: 